<?xml version="1.0" encoding="UTF-8"?>
<testng-results ignored="0" total="1" passed="1" failed="0" skipped="0">
  <reporter-output>
  </reporter-output>
  <suite started-at="2021-04-11T12:47:42 IST" name="Default suite" finished-at="2021-04-11T12:47:55 IST" duration-ms="12967">
    <groups>
    </groups>
    <test started-at="2021-04-11T12:47:42 IST" name="Default test" finished-at="2021-04-11T12:47:55 IST" duration-ms="12967">
      <class name="main.java.testing.OptionChainDeleteCookies">
        <test-method signature="OptionChainData()[pri:0, instance:main.java.testing.OptionChainDeleteCookies@503d687a]" started-at="2021-04-11T12:47:42 IST" name="OptionChainData" finished-at="2021-04-11T12:47:55 IST" duration-ms="12893" status="PASS">
          <reporter-output>
          </reporter-output>
        </test-method> <!-- OptionChainData -->
      </class> <!-- main.java.testing.OptionChainDeleteCookies -->
    </test> <!-- Default test -->
  </suite> <!-- Default suite -->
</testng-results>
